<?xml version="1.0" encoding="UTF-8"?>
<!-- Generated by org.testng.reporters.JUnitReportReporter -->
<testsuite skipped="8" hostname="DESKTOP-71MVPRD" name="test.HomePageTest" tests="9" failures="0" timestamp="2022-08-26T23:42:12 IST" time="56.217" errors="0">
  <testcase name="buyShareFromWatchlistWithIntradayQtyPriceLimit" time="56.217" classname="test.HomePageTest"/>
  <system-out/>
  <testcase name="searchStockClickOnSearchChart" classname="test.HomePageTest">
    <skipped/>
  </testcase> <!-- searchStockClickOnSearchChart -->
  <system-out/>
  <testcase name="searchStockClickOnSearchSell" classname="test.HomePageTest">
    <skipped/>
  </testcase> <!-- searchStockClickOnSearchSell -->
  <system-out/>
  <testcase name="searchStockClickOnSearchMarketDepth" classname="test.HomePageTest">
    <skipped/>
  </testcase> <!-- searchStockClickOnSearchMarketDepth -->
  <system-out/>
  <testcase name="searchStockClickOnSearchAddToWatchlist" classname="test.HomePageTest">
    <skipped/>
  </testcase> <!-- searchStockClickOnSearchAddToWatchlist -->
  <system-out/>
  <testcase name="searchStockVerifyStockListAutopopulated" classname="test.HomePageTest">
    <skipped/>
  </testcase> <!-- searchStockVerifyStockListAutopopulated -->
  <system-out/>
  <testcase name="searchStockClickOnSearchBuy" classname="test.HomePageTest">
    <skipped/>
  </testcase> <!-- searchStockClickOnSearchBuy -->
  <system-out/>
  <testcase name="validateWatchlistStockStoringOrNot" classname="test.HomePageTest">
    <skipped/>
  </testcase> <!-- validateWatchlistStockStoringOrNot -->
  <system-out/>
  <testcase name="deleteStockFromWatchlist" classname="test.HomePageTest">
    <skipped/>
  </testcase> <!-- deleteStockFromWatchlist -->
  <system-out/>
</testsuite> <!-- test.HomePageTest -->
